Attempts: 1 - Request URL: www.nick.pro/806771bd-0eb1-47d6-9cfa-80d951f01fde-g404.html
Attempts: 2 - Request URL: www.nick.pro/gettinga404Error
Attempts: 3 - Request URL: www.nick.pro/readme.html
Attempts: 4 - Request URL: www.nick.pro/readme.html
Attempts: 5 - Request URL: www.nick.pro/index.php-bak
Attempts: 6 - Request URL: www.nick.pro/index-bak
Attempts: 7 - Request URL: www.nick.pro/index.php.bak
Attempts: 8 - Request URL: www.nick.pro/index.php~
Attempts: 9 - Request URL: www.nick.pro/phpsecinfo
Attempts: 10 - Request URL: www.nick.pro/php.ini
Attempts: 11 - Request URL: www.nick.pro/php.ini~
Attempts: 12 - Request URL: www.nick.pro/php
Attempts: 13 - Request URL: www.nick.pro/phpinfo
Attempts: 14 - Request URL: www.nick.pro/phpMyAdmin
Attempts: 15 - Request URL: www.nick.pro/phpmyadmin
Attempts: 16 - Request URL: www.nick.pro/.ssh
Attempts: 17 - Request URL: www.nick.pro/id_rsa
Attempts: 18 - Request URL: www.nick.pro/id_dsa
Attempts: 19 - Request URL: www.nick.pro/.ssh/id_rsa
Attempts: 20 - Request URL: www.nick.pro/.ssh/id_dsa
Attempts: 21 - Request URL: www.nick.pro/PMA
Attempts: 22 - Request URL: www.nick.pro/admin
Attempts: 23 - Request URL: www.nick.pro/dbadmin
Attempts: 24 - Request URL: www.nick.pro/mysql
Attempts: 25 - Request URL: www.nick.pro/myadmin
Attempts: 26 - Request URL: www.nick.pro/phpmyadmin2
Attempts: 27 - Request URL: www.nick.pro/phpMyAdmin2
Attempts: 28 - Request URL: www.nick.pro/phpMyAdmin-2
Attempts: 29 - Request URL: www.nick.pro/php-my-admin
Attempts: 30 - Request URL: www.nick.pro/phpMyAdmin-2.2.3
Attempts: 31 - Request URL: www.nick.pro/phpMyAdmin-2.2.6
Attempts: 32 - Request URL: www.nick.pro/phpMyAdmin-2.5.1
Attempts: 33 - Request URL: www.nick.pro/phpMyAdmin-2.5.4
Attempts: 34 - Request URL: www.nick.pro/phpMyAdmin-2.5.5-rc1
Attempts: 35 - Request URL: www.nick.pro/phpMyAdmin-2.5.5-rc2
Attempts: 36 - Request URL: www.nick.pro/phpMyAdmin-2.5.5
Attempts: 37 - Request URL: www.nick.pro/phpMyAdmin-2.5.5-pl1
Attempts: 38 - Request URL: www.nick.pro/phpMyAdmin-2.5.6-rc1
Attempts: 39 - Request URL: www.nick.pro/phpMyAdmin-2.5.6-rc2
Attempts: 40 - Request URL: www.nick.pro/phpMyAdmin-2.5.6
Attempts: 41 - Request URL: www.nick.pro/phpMyAdmin-2.5.7
Attempts: 42 - Request URL: www.nick.pro/phpMyAdmin-2.5.7-pl1
Attempts: 43 - Request URL: www.nick.pro/phpMyAdmin-2.6.0-alpha
Attempts: 44 - Request URL: www.nick.pro/phpMyAdmin-2.6.0-alpha2
Attempts: 45 - Request URL: www.nick.pro/phpMyAdmin-2.6.0-beta1
Attempts: 46 - Request URL: www.nick.pro/phpMyAdmin-2.6.0-beta2
Attempts: 47 - Request URL: www.nick.pro/phpMyAdmin-2.6.0-rc1
Attempts: 48 - Request URL: www.nick.pro/phpMyAdmin-2.6.0-rc2
Attempts: 49 - Request URL: www.nick.pro/phpMyAdmin-2.6.0-rc3
Attempts: 50 - Request URL: www.nick.pro/phpMyAdmin-2.6.0
Attempts: 51 - Request URL: www.nick.pro/phpMyAdmin-2.6.0-pl1
Attempts: 52 - Request URL: www.nick.pro/phpMyAdmin-2.6.0-pl2
Attempts: 53 - Request URL: www.nick.pro/phpMyAdmin-2.6.0-pl3
Attempts: 54 - Request URL: www.nick.pro/phpMyAdmin-2.6.1-rc1
Attempts: 55 - Request URL: www.nick.pro/phpMyAdmin-2.6.1-rc2
Attempts: 56 - Request URL: www.nick.pro/phpMyAdmin-2.6.1
Attempts: 57 - Request URL: www.nick.pro/phpMyAdmin-2.6.1-pl1
Attempts: 58 - Request URL: www.nick.pro/phpMyAdmin-2.6.1-pl2
Attempts: 59 - Request URL: www.nick.pro/phpMyAdmin-2.6.1-pl3
Attempts: 60 - Request URL: www.nick.pro/phpMyAdmin-2.6.2-rc1
Attempts: 61 - Request URL: www.nick.pro/phpMyAdmin-2.6.2-beta1
Attempts: 62 - Request URL: www.nick.pro/phpMyAdmin-2.6.2
Attempts: 63 - Request URL: www.nick.pro/phpMyAdmin-2.6.2-pl1
Attempts: 64 - Request URL: www.nick.pro/phpMyAdmin-2.6.3
Attempts: 65 - Request URL: www.nick.pro/phpMyAdmin-2.6.3-rc1
Attempts: 66 - Request URL: www.nick.pro/phpMyAdmin-2.6.3-pl1
Attempts: 67 - Request URL: www.nick.pro/gettinga404Error
