Attempts: 1 - Request URL: www.nick.pro/2014/04/18/walk-end-lupus/\'
Attempts: 2 - Request URL: www.nick.pro/\'
Attempts: 3 - Request URL: www.nick.pro/2012/04/\'
Attempts: 4 - Request URL: www.nick.pro/2006/05/\'
Attempts: 5 - Request URL: www.nick.pro/2017/05/22/seven-blog-posts-three-days/\'
Attempts: 6 - Request URL: www.nick.pro/2009/01/\'
Attempts: 6 - Request URL: www.nick.pro/2004/02/\'
Attempts: 7 - Request URL: www.nick.pro/2007/07/\'
Attempts: 8 - Request URL: www.nick.pro/2004/10/\'
Attempts: 9 - Request URL: www.nick.pro/2008/12/\'
Attempts: 10 - Request URL: www.nick.pro/2013/11/\'
Attempts: 11 - Request URL: www.nick.pro/2014/06/\'
Attempts: 12 - Request URL: www.nick.pro/2012/03/\'
Attempts: 13 - Request URL: www.nick.pro/2008/07/\'
Attempts: 14 - Request URL: www.nick.pro/2009/04/\'
Attempts: 15 - Request URL: www.nick.pro/url
Attempts: 16 - Request URL: www.nick.pro/2004/09/\'
Attempts: 17 - Request URL: www.nick.pro/2009/03/\'
Attempts: 18 - Request URL: www.nick.pro/2011/09/\'
Attempts: 18 - Request URL: www.nick.pro/2008/01/\'
Attempts: 19 - Request URL: www.nick.pro/2007/02/\'
Attempts: 20 - Request URL: www.nick.pro/2014/05/\'
Attempts: 21 - Request URL: www.nick.pro/2007/03/\'
Attempts: 22 - Request URL: www.nick.pro/2007/08/\'
Attempts: 23 - Request URL: www.nick.pro/2006/07/\'
Attempts: 23 - Request URL: www.nick.pro/2013/07/\'
Attempts: 24 - Request URL: www.nick.pro/2013/03/\'
Attempts: 25 - Request URL: www.nick.pro/2004/06/\'
Attempts: 26 - Request URL: www.nick.pro/2003/12/\'
Attempts: 27 - Request URL: www.nick.pro/2004/07/\'
Attempts: 27 - Request URL: www.nick.pro/2003/07/\'
Attempts: 28 - Request URL: www.nick.pro/2004/05/\'
Attempts: 28 - Request URL: www.nick.pro/2012/11/\'
Attempts: 29 - Request URL: www.nick.pro/2012/01/\'
Attempts: 30 - Request URL: www.nick.pro/2016/11/\'
Attempts: 31 - Request URL: www.nick.pro/2008/11/\'
Attempts: 32 - Request URL: www.nick.pro/2005/01/\'
Attempts: 33 - Request URL: www.nick.pro/2010/05/\'
Attempts: 34 - Request URL: www.nick.pro/2009/08/\'
Attempts: 35 - Request URL: www.nick.pro/2011/08/\'
Attempts: 36 - Request URL: www.nick.pro/page/22/\'
Attempts: 37 - Request URL: www.nick.pro/url
Attempts: 38 - Request URL: www.nick.pro/page/2/\'
