Attempts: 1 - Request URL: www.nick.pro/index.php-bak
Attempts: 2 - Request URL: www.nick.pro/index-bak
Attempts: 3 - Request URL: www.nick.pro/index.php.bak
Attempts: 4 - Request URL: www.nick.pro/index.php~
Attempts: 5 - Request URL: www.nick.pro/phpsecinfo
Attempts: 6 - Request URL: www.nick.pro/php.ini
Attempts: 7 - Request URL: www.nick.pro/php.ini~
Attempts: 8 - Request URL: www.nick.pro/php
Attempts: 9 - Request URL: www.nick.pro/phpinfo
Attempts: 10 - Request URL: www.nick.pro/phpMyAdmin
Attempts: 11 - Request URL: www.nick.pro/phpmyadmin
Attempts: 12 - Request URL: www.nick.pro/.ssh
Attempts: 13 - Request URL: www.nick.pro/id_rsa
Attempts: 14 - Request URL: www.nick.pro/id_dsa
Attempts: 15 - Request URL: www.nick.pro/.ssh/id_rsa
Attempts: 16 - Request URL: www.nick.pro/.ssh/id_dsa
Attempts: 17 - Request URL: www.nick.pro/PMA
Attempts: 18 - Request URL: www.nick.pro/admin
Attempts: 19 - Request URL: www.nick.pro/dbadmin
Attempts: 20 - Request URL: www.nick.pro/mysql
Attempts: 21 - Request URL: www.nick.pro/myadmin
Attempts: 22 - Request URL: www.nick.pro/phpmyadmin2
Attempts: 23 - Request URL: www.nick.pro/phpMyAdmin2
Attempts: 24 - Request URL: www.nick.pro/phpMyAdmin-2
Attempts: 25 - Request URL: www.nick.pro/php-my-admin
Attempts: 26 - Request URL: www.nick.pro/phpMyAdmin-2.2.3
Attempts: 27 - Request URL: www.nick.pro/phpMyAdmin-2.2.6
Attempts: 28 - Request URL: www.nick.pro/phpMyAdmin-2.5.1
Attempts: 29 - Request URL: www.nick.pro/phpMyAdmin-2.5.4
Attempts: 30 - Request URL: www.nick.pro/phpMyAdmin-2.5.5-rc1
Attempts: 31 - Request URL: www.nick.pro/phpMyAdmin-2.5.5-rc2
Attempts: 32 - Request URL: www.nick.pro/phpMyAdmin-2.5.5
Attempts: 33 - Request URL: www.nick.pro/phpMyAdmin-2.5.5-pl1
Attempts: 34 - Request URL: www.nick.pro/phpMyAdmin-2.5.6-rc1
